2019-06-22 22:03:26 WARN  ConnectionUtil:29 - Connection Succesful
2019-06-22 22:11:55 ERROR ConnectionUtil:33 - Could not connect.
java.sql.SQLRecoverableException: IO Error: Socket read timed out
	at oracle.jdbc.driver.T4CConnection.logon(T4CConnection.java:673)
	at oracle.jdbc.driver.PhysicalConnection.<init>(PhysicalConnection.java:715)
	at oracle.jdbc.driver.T4CConnection.<init>(T4CConnection.java:385)
	at oracle.jdbc.driver.T4CDriverExtension.getConnection(T4CDriverExtension.java:30)
	at oracle.jdbc.driver.OracleDriver.connect(OracleDriver.java:564)
	at java.sql.DriverManager.getConnection(DriverManager.java:664)
	at java.sql.DriverManager.getConnection(DriverManager.java:247)
	at com.revature.util.ConnectionUtil.getConnection(ConnectionUtil.java:20)
	at com.revature.util.ConnectionUtil.main(ConnectionUtil.java:27)
Caused by: oracle.net.ns.NetException: Socket read timed out
	at oracle.net.ns.Packet.receive(Packet.java:350)
	at oracle.net.ns.NSProtocolStream.negotiateConnection(NSProtocolStream.java:153)
	at oracle.net.ns.NSProtocol.connect(NSProtocol.java:263)
	at oracle.jdbc.driver.T4CConnection.connect(T4CConnection.java:1360)
	at oracle.jdbc.driver.T4CConnection.logon(T4CConnection.java:486)
	... 8 more
2019-06-22 22:12:11 ERROR ConnectionUtil:33 - Could not connect.
java.sql.SQLRecoverableException: IO Error: Socket read timed out
	at oracle.jdbc.driver.T4CConnection.logon(T4CConnection.java:673)
	at oracle.jdbc.driver.PhysicalConnection.<init>(PhysicalConnection.java:715)
	at oracle.jdbc.driver.T4CConnection.<init>(T4CConnection.java:385)
	at oracle.jdbc.driver.T4CDriverExtension.getConnection(T4CDriverExtension.java:30)
	at oracle.jdbc.driver.OracleDriver.connect(OracleDriver.java:564)
	at java.sql.DriverManager.getConnection(DriverManager.java:664)
	at java.sql.DriverManager.getConnection(DriverManager.java:247)
	at com.revature.util.ConnectionUtil.getConnection(ConnectionUtil.java:20)
	at com.revature.util.ConnectionUtil.main(ConnectionUtil.java:27)
Caused by: oracle.net.ns.NetException: Socket read timed out
	at oracle.net.ns.Packet.receive(Packet.java:350)
	at oracle.net.ns.NSProtocolStream.negotiateConnection(NSProtocolStream.java:153)
	at oracle.net.ns.NSProtocol.connect(NSProtocol.java:263)
	at oracle.jdbc.driver.T4CConnection.connect(T4CConnection.java:1360)
	at oracle.jdbc.driver.T4CConnection.logon(T4CConnection.java:486)
	... 8 more
2019-06-22 22:12:26 ERROR ConnectionUtil:33 - Could not connect.
java.sql.SQLRecoverableException: IO Error: Socket read timed out
	at oracle.jdbc.driver.T4CConnection.logon(T4CConnection.java:673)
	at oracle.jdbc.driver.PhysicalConnection.<init>(PhysicalConnection.java:715)
	at oracle.jdbc.driver.T4CConnection.<init>(T4CConnection.java:385)
	at oracle.jdbc.driver.T4CDriverExtension.getConnection(T4CDriverExtension.java:30)
	at oracle.jdbc.driver.OracleDriver.connect(OracleDriver.java:564)
	at java.sql.DriverManager.getConnection(DriverManager.java:664)
	at java.sql.DriverManager.getConnection(DriverManager.java:247)
	at com.revature.util.ConnectionUtil.getConnection(ConnectionUtil.java:20)
	at com.revature.util.ConnectionUtil.main(ConnectionUtil.java:27)
Caused by: oracle.net.ns.NetException: Socket read timed out
	at oracle.net.ns.Packet.receive(Packet.java:350)
	at oracle.net.ns.NSProtocolStream.negotiateConnection(NSProtocolStream.java:153)
	at oracle.net.ns.NSProtocol.connect(NSProtocol.java:263)
	at oracle.jdbc.driver.T4CConnection.connect(T4CConnection.java:1360)
	at oracle.jdbc.driver.T4CConnection.logon(T4CConnection.java:486)
	... 8 more
2019-06-22 22:12:28 ERROR ConnectionUtil:33 - Could not connect.
java.sql.SQLRecoverableException: IO Error: Socket read timed out
	at oracle.jdbc.driver.T4CConnection.logon(T4CConnection.java:673)
	at oracle.jdbc.driver.PhysicalConnection.<init>(PhysicalConnection.java:715)
	at oracle.jdbc.driver.T4CConnection.<init>(T4CConnection.java:385)
	at oracle.jdbc.driver.T4CDriverExtension.getConnection(T4CDriverExtension.java:30)
	at oracle.jdbc.driver.OracleDriver.connect(OracleDriver.java:564)
	at java.sql.DriverManager.getConnection(DriverManager.java:664)
	at java.sql.DriverManager.getConnection(DriverManager.java:247)
	at com.revature.util.ConnectionUtil.getConnection(ConnectionUtil.java:20)
	at com.revature.util.ConnectionUtil.main(ConnectionUtil.java:27)
Caused by: oracle.net.ns.NetException: Socket read timed out
	at oracle.net.ns.Packet.receive(Packet.java:350)
	at oracle.net.ns.NSProtocolStream.negotiateConnection(NSProtocolStream.java:153)
	at oracle.net.ns.NSProtocol.connect(NSProtocol.java:263)
	at oracle.jdbc.driver.T4CConnection.connect(T4CConnection.java:1360)
	at oracle.jdbc.driver.T4CConnection.logon(T4CConnection.java:486)
	... 8 more
2019-06-22 22:12:34 ERROR ConnectionUtil:33 - Could not connect.
java.sql.SQLRecoverableException: IO Error: Socket read timed out
	at oracle.jdbc.driver.T4CConnection.logon(T4CConnection.java:673)
	at oracle.jdbc.driver.PhysicalConnection.<init>(PhysicalConnection.java:715)
	at oracle.jdbc.driver.T4CConnection.<init>(T4CConnection.java:385)
	at oracle.jdbc.driver.T4CDriverExtension.getConnection(T4CDriverExtension.java:30)
	at oracle.jdbc.driver.OracleDriver.connect(OracleDriver.java:564)
	at java.sql.DriverManager.getConnection(DriverManager.java:664)
	at java.sql.DriverManager.getConnection(DriverManager.java:247)
	at com.revature.util.ConnectionUtil.getConnection(ConnectionUtil.java:20)
	at com.revature.util.ConnectionUtil.main(ConnectionUtil.java:27)
Caused by: oracle.net.ns.NetException: Socket read timed out
	at oracle.net.ns.Packet.receive(Packet.java:350)
	at oracle.net.ns.NSProtocolStream.negotiateConnection(NSProtocolStream.java:153)
	at oracle.net.ns.NSProtocol.connect(NSProtocol.java:263)
	at oracle.jdbc.driver.T4CConnection.connect(T4CConnection.java:1360)
	at oracle.jdbc.driver.T4CConnection.logon(T4CConnection.java:486)
	... 8 more
2019-06-22 22:12:39 ERROR ConnectionUtil:33 - Could not connect.
java.sql.SQLRecoverableException: IO Error: Socket read timed out
	at oracle.jdbc.driver.T4CConnection.logon(T4CConnection.java:673)
	at oracle.jdbc.driver.PhysicalConnection.<init>(PhysicalConnection.java:715)
	at oracle.jdbc.driver.T4CConnection.<init>(T4CConnection.java:385)
	at oracle.jdbc.driver.T4CDriverExtension.getConnection(T4CDriverExtension.java:30)
	at oracle.jdbc.driver.OracleDriver.connect(OracleDriver.java:564)
	at java.sql.DriverManager.getConnection(DriverManager.java:664)
	at java.sql.DriverManager.getConnection(DriverManager.java:247)
	at com.revature.util.ConnectionUtil.getConnection(ConnectionUtil.java:20)
	at com.revature.util.ConnectionUtil.main(ConnectionUtil.java:27)
Caused by: oracle.net.ns.NetException: Socket read timed out
	at oracle.net.ns.Packet.receive(Packet.java:350)
	at oracle.net.ns.NSProtocolStream.negotiateConnection(NSProtocolStream.java:153)
	at oracle.net.ns.NSProtocol.connect(NSProtocol.java:263)
	at oracle.jdbc.driver.T4CConnection.connect(T4CConnection.java:1360)
	at oracle.jdbc.driver.T4CConnection.logon(T4CConnection.java:486)
	... 8 more
2019-06-22 22:12:41 ERROR ConnectionUtil:33 - Could not connect.
java.sql.SQLRecoverableException: IO Error: Socket read timed out
	at oracle.jdbc.driver.T4CConnection.logon(T4CConnection.java:673)
	at oracle.jdbc.driver.PhysicalConnection.<init>(PhysicalConnection.java:715)
	at oracle.jdbc.driver.T4CConnection.<init>(T4CConnection.java:385)
	at oracle.jdbc.driver.T4CDriverExtension.getConnection(T4CDriverExtension.java:30)
	at oracle.jdbc.driver.OracleDriver.connect(OracleDriver.java:564)
	at java.sql.DriverManager.getConnection(DriverManager.java:664)
	at java.sql.DriverManager.getConnection(DriverManager.java:247)
	at com.revature.util.ConnectionUtil.getConnection(ConnectionUtil.java:20)
	at com.revature.util.ConnectionUtil.main(ConnectionUtil.java:27)
Caused by: oracle.net.ns.NetException: Socket read timed out
	at oracle.net.ns.Packet.receive(Packet.java:350)
	at oracle.net.ns.NSProtocolStream.negotiateConnection(NSProtocolStream.java:153)
	at oracle.net.ns.NSProtocol.connect(NSProtocol.java:263)
	at oracle.jdbc.driver.T4CConnection.connect(T4CConnection.java:1360)
	at oracle.jdbc.driver.T4CConnection.logon(T4CConnection.java:486)
	... 8 more
2019-06-22 22:16:50 ERROR ConnectionUtil:29 - Connection Succesful
2019-06-22 23:39:07 ERROR AccountRepositoryJDBC:51 - 
2019-06-22 23:40:48 ERROR AccountRepositoryJDBC:51 - 
2019-06-22 23:41:09 ERROR AccountRepositoryJDBC:51 - 
2019-06-22 23:41:18 ERROR AccountRepositoryJDBC:51 - Account [id=0, balance=1000000000, accountNumber=569741360, pin=0]
2019-06-23 14:43:41 ERROR AccountRepositoryJDBC:49 - Account [id=0, balance=1000000000, accountNumber=569741360, pin=0]
2019-06-23 14:43:49 ERROR AccountRepositoryJDBC:49 - Account [id=0, balance=1000000000, accountNumber=569741360, pin=0]
2019-06-23 14:44:07 ERROR AccountRepositoryJDBC:49 - Account [id=0, balance=1000000000, accountNumber=569741360, pin=0]
2019-06-23 14:44:12 ERROR AccountRepositoryJDBC:49 - Account [id=0, balance=1000000000, accountNumber=569741360, pin=0]
2019-06-23 16:54:19 ERROR AccountRepositoryJDBC:49 - 
2019-06-25 09:13:20 TRACE AccountRepositoryJDBC:20 - Entering find account by account number with parametrs: 568202364
2019-06-25 09:16:24 TRACE AccountRepositoryJDBC:20 - Entering find account by account number with parametrs: 568202364
2019-06-25 09:18:35 TRACE AccountRepositoryJDBC:20 - Entering find account by account number with parametrs: 568202364
2019-06-25 09:25:18 TRACE AccountRepositoryJDBC:20 - Entering find account by account number with parametrs: 568202364
2019-06-25 09:27:57 TRACE AccountRepositoryJDBC:20 - Entering find account by account number with parametrs: 568202364
2019-06-25 09:28:39 TRACE AccountRepositoryJDBC:20 - Entering find account by account number with parametrs: 568202364
2019-06-25 09:29:00 TRACE AccountRepositoryJDBC:20 - Entering find account by account number with parametrs: 568202364
2019-06-25 09:29:14 TRACE AccountRepositoryJDBC:20 - Entering find account by account number with parametrs: 568202364
2019-06-25 09:29:46 TRACE AccountRepositoryJDBC:20 - Entering find account by account number with parametrs: 568202364
2019-06-25 09:30:29 TRACE AccountRepositoryJDBC:20 - Entering find account by account number with parametrs: 568202364
2019-06-25 09:45:39 TRACE AccountRepositoryJDBC:20 - Entering find account by account number with parametrs: 568202364
2019-06-25 09:45:54 TRACE AccountRepositoryJDBC:20 - Entering find account by account number with parametrs: 568202364
2019-06-25 09:48:07 TRACE AccountRepositoryJDBC:20 - Entering find account by account number with parametrs: 568202364
2019-06-25 09:54:26 TRACE AccountRepositoryJDBC:20 - Entering find account by account number with parametrs: 568202364
2019-06-25 09:54:49 TRACE AccountRepositoryJDBC:20 - Entering find account by account number with parametrs: 568202364
2019-06-25 09:57:52 TRACE AccountRepositoryJDBC:20 - Entering find account by account number with parametrs: 568202364
2019-06-25 09:57:59 TRACE AccountRepositoryJDBC:20 - Entering find account by account number with parametrs: 568202364
2019-06-25 09:58:33 TRACE AccountRepositoryJDBC:20 - Entering find account by account number with parametrs: 568202364
2019-06-25 10:05:04 TRACE AccountRepositoryJDBC:20 - Entering find account by account number with parametrs: 568202364
2019-06-25 13:02:54 TRACE AccountRepositoryJDBC:20 - Entering find account by account number with parametrs: 568202364
2019-06-25 13:03:16 TRACE AccountRepositoryJDBC:82 - Entering update balance method with parameters: 568202364,-90
2019-06-25 13:03:35 TRACE AccountRepositoryJDBC:20 - Entering find account by account number with parametrs: 568202364
2019-06-25 13:03:46 TRACE AccountRepositoryJDBC:82 - Entering update balance method with parameters: 568202364,-90
2019-06-25 13:03:48 TRACE AccountRepositoryJDBC:20 - Entering find account by account number with parametrs: 568202364
2019-06-25 13:10:37 TRACE AccountRepositoryJDBC:82 - Entering update balance method with parameters: 568202364,0
2019-06-25 14:41:00 TRACE AccountRepositoryJDBC:20 - Entering find account by account number with parametrs: 568202364
2019-06-25 14:42:23 TRACE AccountRepositoryJDBC:20 - Entering find account by account number with parametrs: 568202364
2019-06-25 14:42:29 TRACE AccountRepositoryJDBC:20 - Entering find account by account number with parametrs: 568202364
2019-06-25 14:53:23 TRACE AccountRepositoryJDBC:20 - Entering find account by account number with parametrs: 568202364
2019-06-25 14:53:33 TRACE AccountRepositoryJDBC:58 - Entering update balance method with parameters: 568202364,-9
2019-06-25 14:53:58 TRACE AccountRepositoryJDBC:58 - Entering update balance method with parameters: 568202364,5
2019-06-25 16:45:53 TRACE AccountRepositoryJDBC:20 - Entering find account by account number with parametrs: 568202364
2019-06-25 16:47:01 TRACE AccountRepositoryJDBC:82 - Entering update balance method with parameters: 568202364,0
2019-06-25 16:47:29 TRACE AccountRepositoryJDBC:82 - Entering update balance method with parameters: 568202364,90
2019-06-25 16:47:34 TRACE AccountRepositoryJDBC:20 - Entering find account by account number with parametrs: 568202364
2019-06-25 16:47:46 TRACE AccountRepositoryJDBC:82 - Entering update balance method with parameters: 568202364,30
2019-06-25 16:47:49 TRACE AccountRepositoryJDBC:20 - Entering find account by account number with parametrs: 568202364
2019-06-25 17:35:18 TRACE AccountRepositoryJDBC:20 - Entering find account by account number with parametrs: 568202364
2019-06-25 17:36:22 TRACE AccountRepositoryJDBC:20 - Entering find account by account number with parametrs: 568202364
2019-06-25 17:39:40 TRACE AccountRepositoryJDBC:20 - Entering find account by account number with parametrs: 568202364
2019-06-25 23:09:10 TRACE AccountRepositoryJDBC:20 - Entering find account by account number with parametrs: 568202364
2019-06-25 23:09:31 ERROR AccountRepositoryJDBC:40 - Could not find account.
java.sql.SQLRecoverableException: IO Error: The Network Adapter could not establish the connection
	at oracle.jdbc.driver.T4CConnection.logon(T4CConnection.java:673)
	at oracle.jdbc.driver.PhysicalConnection.<init>(PhysicalConnection.java:715)
	at oracle.jdbc.driver.T4CConnection.<init>(T4CConnection.java:385)
	at oracle.jdbc.driver.T4CDriverExtension.getConnection(T4CDriverExtension.java:30)
	at oracle.jdbc.driver.OracleDriver.connect(OracleDriver.java:564)
	at java.sql.DriverManager.getConnection(DriverManager.java:664)
	at java.sql.DriverManager.getConnection(DriverManager.java:247)
	at com.revature.util.ConnectionUtil.getConnection(ConnectionUtil.java:20)
	at com.revature.repository.AccountRepositoryJDBC.findByAccountNumber(AccountRepositoryJDBC.java:21)
	at com.revature.service.BusinessLogic.validateUserAccNumInput(BusinessLogic.java:192)
	at com.revature.service.BusinessLogic.getLogInInfo(BusinessLogic.java:150)
	at com.revature.controller.BankController.session(BankController.java:30)
	at com.revature.controller.BankController.start(BankController.java:18)
	at com.revature.Main.main(Main.java:18)
Caused by: oracle.net.ns.NetException: The Network Adapter could not establish the connection
	at oracle.net.nt.ConnStrategy.execute(ConnStrategy.java:445)
	at oracle.net.resolver.AddrResolution.resolveAndExecute(AddrResolution.java:464)
	at oracle.net.ns.NSProtocol.establishConnection(NSProtocol.java:594)
	at oracle.net.ns.NSProtocol.connect(NSProtocol.java:229)
	at oracle.jdbc.driver.T4CConnection.connect(T4CConnection.java:1360)
	at oracle.jdbc.driver.T4CConnection.logon(T4CConnection.java:486)
	... 13 more
Caused by: java.net.ConnectException: Connection timed out: connect
	at java.net.DualStackPlainSocketImpl.waitForConnect(Native Method)
	at java.net.DualStackPlainSocketImpl.socketConnect(DualStackPlainSocketImpl.java:85)
	at java.net.AbstractPlainSocketImpl.doConnect(AbstractPlainSocketImpl.java:350)
	at java.net.AbstractPlainSocketImpl.connectToAddress(AbstractPlainSocketImpl.java:206)
	at java.net.AbstractPlainSocketImpl.connect(AbstractPlainSocketImpl.java:188)
	at java.net.PlainSocketImpl.connect(PlainSocketImpl.java:172)
	at java.net.SocksSocketImpl.connect(SocksSocketImpl.java:392)
	at java.net.Socket.connect(Socket.java:589)
	at oracle.net.nt.TcpNTAdapter.connect(TcpNTAdapter.java:162)
	at oracle.net.nt.ConnOption.connect(ConnOption.java:133)
	at oracle.net.nt.ConnStrategy.execute(ConnStrategy.java:411)
	... 18 more
2019-06-25 23:11:00 TRACE AccountRepositoryJDBC:20 - Entering find account by account number with parametrs: 568202364
2019-06-25 23:11:25 TRACE AccountRepositoryJDBC:82 - Entering update balance method with parameters: 568202364,1000000
2019-06-25 23:13:57 TRACE AccountRepositoryJDBC:82 - Entering update balance method with parameters: 568202364,909999
2019-06-25 23:14:49 TRACE AccountRepositoryJDBC:82 - Entering update balance method with parameters: 568202364,-90
2019-06-25 23:15:27 TRACE AccountRepositoryJDBC:20 - Entering find account by account number with parametrs: 568202364
2019-06-25 23:15:39 TRACE AccountRepositoryJDBC:82 - Entering update balance method with parameters: 568202364,-90
2019-06-25 23:19:25 TRACE AccountRepositoryJDBC:20 - Entering find account by account number with parametrs: 568202364
2019-06-25 23:19:44 TRACE AccountRepositoryJDBC:58 - Entering update balance method with parameters: 568202364,-90
2019-06-25 23:20:56 TRACE AccountRepositoryJDBC:58 - Entering update balance method with parameters: 568202364,90
2019-06-25 23:21:10 TRACE AccountRepositoryJDBC:82 - Entering update balance method with parameters: 568202364,-9
2019-06-25 23:25:48 TRACE AccountRepositoryJDBC:20 - Entering find account by account number with parametrs: 568202364
2019-06-25 23:26:06 TRACE AccountRepositoryJDBC:82 - Entering update balance method with parameters: 568202364,-9
2019-06-25 23:27:24 TRACE AccountRepositoryJDBC:20 - Entering find account by account number with parametrs: 568202364
2019-06-25 23:28:53 TRACE AccountRepositoryJDBC:20 - Entering find account by account number with parametrs: 568202364
2019-06-25 23:30:46 TRACE AccountRepositoryJDBC:20 - Entering find account by account number with parametrs: 568202364
2019-06-25 23:31:20 TRACE AccountRepositoryJDBC:20 - Entering find account by account number with parametrs: 568202364
2019-06-25 23:31:39 TRACE AccountRepositoryJDBC:82 - Entering update balance method with parameters: 568202364,5
2019-06-25 23:32:02 TRACE AccountRepositoryJDBC:20 - Entering find account by account number with parametrs: 568202364
2019-06-25 23:40:10 TRACE AccountRepositoryJDBC:58 - Entering update balance method with parameters: 568202364,2000000
2019-06-25 23:40:40 TRACE AccountRepositoryJDBC:20 - Entering find account by account number with parametrs: 568202364
2019-06-25 23:40:54 TRACE AccountRepositoryJDBC:58 - Entering update balance method with parameters: 568202364,-9
2019-06-25 23:41:42 TRACE AccountRepositoryJDBC:20 - Entering find account by account number with parametrs: 568202364
2019-06-25 23:41:50 TRACE AccountRepositoryJDBC:20 - Entering find account by account number with parametrs: 568202364
2019-06-25 23:42:01 TRACE AccountRepositoryJDBC:58 - Entering update balance method with parameters: 568202364,9
2019-06-25 23:42:53 TRACE AccountRepositoryJDBC:58 - Entering update balance method with parameters: 568202364,90
2019-06-25 23:46:44 TRACE AccountRepositoryJDBC:20 - Entering find account by account number with parametrs: 570126108
2019-06-25 23:46:54 TRACE AccountRepositoryJDBC:20 - Entering find account by account number with parametrs: 570126108
2019-06-25 23:48:20 TRACE AccountRepositoryJDBC:58 - Entering update balance method with parameters: 570126108,0
2019-06-25 23:53:29 TRACE AccountRepositoryJDBC:20 - Entering find account by account number with parametrs: 570126108
2019-06-25 23:57:34 TRACE AccountRepositoryJDBC:58 - Entering update balance method with parameters: 570126108,9
2019-06-25 23:57:43 TRACE AccountRepositoryJDBC:20 - Entering find account by account number with parametrs: 570126108
2019-06-25 23:58:45 TRACE AccountRepositoryJDBC:20 - Entering find account by account number with parametrs: 570126108
2019-06-26 00:02:39 TRACE AccountRepositoryJDBC:20 - Entering find account by account number with parametrs: 570126108
2019-06-26 00:18:09 TRACE AccountRepositoryJDBC:20 - Entering find account by account number with parametrs: 570126108
2019-06-26 00:20:56 TRACE AccountRepositoryJDBC:20 - Entering find account by account number with parametrs: 570126108
2019-06-26 00:21:27 TRACE AccountRepositoryJDBC:82 - Entering update balance method with parameters: 570126108,5000
2019-06-26 00:21:31 TRACE AccountRepositoryJDBC:20 - Entering find account by account number with parametrs: 570126108
2019-06-26 00:22:11 TRACE AccountRepositoryJDBC:82 - Entering update balance method with parameters: 570126108,5000
2019-06-26 00:22:14 TRACE AccountRepositoryJDBC:20 - Entering find account by account number with parametrs: 570126108
2019-06-26 00:23:10 TRACE AccountRepositoryJDBC:82 - Entering update balance method with parameters: 570126108,4490000
2019-06-26 00:23:14 TRACE AccountRepositoryJDBC:20 - Entering find account by account number with parametrs: 570126108
2019-06-26 00:23:28 TRACE AccountRepositoryJDBC:82 - Entering update balance method with parameters: 570126108,900
2019-06-26 00:23:41 TRACE AccountRepositoryJDBC:20 - Entering find account by account number with parametrs: 570126108
2019-06-26 00:24:17 TRACE AccountRepositoryJDBC:82 - Entering update balance method with parameters: 570126108,10000
2019-06-26 00:24:26 TRACE AccountRepositoryJDBC:20 - Entering find account by account number with parametrs: 570126108
2019-06-26 00:25:01 TRACE AccountRepositoryJDBC:58 - Entering update balance method with parameters: 570126108,10
2019-06-26 00:25:12 TRACE AccountRepositoryJDBC:58 - Entering update balance method with parameters: 570126108,9999
2019-06-26 00:25:14 TRACE AccountRepositoryJDBC:20 - Entering find account by account number with parametrs: 570126108
2019-06-26 00:25:23 TRACE AccountRepositoryJDBC:58 - Entering update balance method with parameters: 570126108,900
2019-06-26 00:25:25 TRACE AccountRepositoryJDBC:20 - Entering find account by account number with parametrs: 570126108
2019-06-26 00:25:57 TRACE AccountRepositoryJDBC:20 - Entering find account by account number with parametrs: 570126108
2019-06-26 00:27:16 TRACE AccountRepositoryJDBC:82 - Entering update balance method with parameters: 570126108,10010
2019-06-26 00:27:22 TRACE AccountRepositoryJDBC:20 - Entering find account by account number with parametrs: 570126108
2019-06-26 00:28:11 TRACE AccountRepositoryJDBC:82 - Entering update balance method with parameters: 570126108,8
2019-06-26 00:28:46 TRACE AccountRepositoryJDBC:58 - Entering update balance method with parameters: 570126108,10
2019-06-26 00:45:08 TRACE AccountRepositoryJDBC:20 - Entering find account by account number with parametrs: 570126108
2019-06-26 00:46:09 TRACE AccountRepositoryJDBC:20 - Entering find account by account number with parametrs: 570126108
2019-06-26 00:47:05 TRACE AccountRepositoryJDBC:20 - Entering find account by account number with parametrs: 570126108
2019-06-26 00:49:19 TRACE AccountRepositoryJDBC:20 - Entering find account by account number with parametrs: 570126108
2019-06-26 00:49:29 TRACE AccountRepositoryJDBC:20 - Entering find account by account number with parametrs: 570126108
2019-06-26 01:01:18 TRACE AccountRepositoryJDBC:20 - Entering find account by account number with parametrs: 570126108
2019-06-26 01:02:55 TRACE AccountRepositoryJDBC:20 - Entering find account by account number with parametrs: 570126108
2019-06-26 01:09:43 TRACE AccountRepositoryJDBC:20 - Entering find account by account number with parametrs: 570126108
2019-06-26 01:33:27 TRACE AccountRepositoryJDBC:20 - Entering find account by account number with parametrs: 570126108
2019-06-26 01:33:57 TRACE AccountRepositoryJDBC:20 - Entering find account by account number with parametrs: 570126108
2019-06-26 01:34:11 TRACE AccountRepositoryJDBC:20 - Entering find account by account number with parametrs: 570126108
2019-06-26 01:34:56 TRACE AccountRepositoryJDBC:20 - Entering find account by account number with parametrs: 570126108
2019-06-26 01:35:11 TRACE AccountRepositoryJDBC:20 - Entering find account by account number with parametrs: 570126108
2019-06-26 01:35:18 TRACE AccountRepositoryJDBC:20 - Entering find account by account number with parametrs: 570126108
2019-06-26 09:09:14 TRACE AccountRepositoryJDBC:20 - Entering find account by account number with parametrs: 570126108
2019-06-26 09:09:49 TRACE AccountRepositoryJDBC:20 - Entering find account by account number with parametrs: 570126108
2019-06-26 09:10:34 TRACE AccountRepositoryJDBC:20 - Entering find account by account number with parametrs: 570126108
2019-06-26 09:10:36 TRACE AccountRepositoryJDBC:20 - Entering find account by account number with parametrs: 123456789
2019-06-26 09:10:58 TRACE AccountRepositoryJDBC:20 - Entering find account by account number with parametrs: 570126108
2019-06-26 09:11:25 TRACE AccountRepositoryJDBC:20 - Entering find account by account number with parametrs: 570126108
2019-06-26 09:11:26 TRACE AccountRepositoryJDBC:20 - Entering find account by account number with parametrs: 123456789
2019-06-26 09:11:51 TRACE AccountRepositoryJDBC:20 - Entering find account by account number with parametrs: 570126108
2019-06-26 09:11:52 TRACE AccountRepositoryJDBC:20 - Entering find account by account number with parametrs: 123456789
2019-06-26 09:13:47 TRACE AccountRepositoryJDBC:20 - Entering find account by account number with parametrs: 570126108
2019-06-26 09:13:49 TRACE AccountRepositoryJDBC:20 - Entering find account by account number with parametrs: 123456789
2019-06-26 09:13:49 TRACE AccountRepositoryJDBC:20 - Entering find account by account number with parametrs: 570126108
2019-06-26 09:13:51 TRACE AccountRepositoryJDBC:20 - Entering find account by account number with parametrs: 123456789
2019-06-26 09:14:12 TRACE AccountRepositoryJDBC:20 - Entering find account by account number with parametrs: 570126108
2019-06-26 09:14:25 TRACE AccountRepositoryJDBC:20 - Entering find account by account number with parametrs: 123456789
2019-06-26 09:20:20 TRACE AccountRepositoryJDBC:20 - Entering find account by account number with parametrs: 570126108
2019-06-26 09:20:21 TRACE AccountRepositoryJDBC:20 - Entering find account by account number with parametrs: 570126108
2019-06-26 09:24:58 TRACE AccountRepositoryJDBC:20 - Entering find account by account number with parametrs: 570126108
2019-06-26 09:24:59 TRACE AccountRepositoryJDBC:20 - Entering find account by account number with parametrs: 570126108
2019-06-26 09:24:59 TRACE AccountRepositoryJDBC:58 - Entering update balance method with parameters: 570126108,80
2019-06-26 09:24:59 TRACE AccountRepositoryJDBC:20 - Entering find account by account number with parametrs: 570126108
2019-06-26 09:25:12 TRACE AccountRepositoryJDBC:20 - Entering find account by account number with parametrs: 570126108
2019-06-26 09:25:13 TRACE AccountRepositoryJDBC:20 - Entering find account by account number with parametrs: 570126108
2019-06-26 09:25:13 TRACE AccountRepositoryJDBC:58 - Entering update balance method with parameters: 570126108,80
2019-06-26 09:25:13 TRACE AccountRepositoryJDBC:20 - Entering find account by account number with parametrs: 570126108
2019-06-26 09:26:08 TRACE AccountRepositoryJDBC:20 - Entering find account by account number with parametrs: 570126108
2019-06-26 09:26:09 TRACE AccountRepositoryJDBC:20 - Entering find account by account number with parametrs: 570126108
2019-06-26 09:26:09 TRACE AccountRepositoryJDBC:58 - Entering update balance method with parameters: 570126108,80
2019-06-26 09:26:10 TRACE AccountRepositoryJDBC:20 - Entering find account by account number with parametrs: 570126108
2019-06-26 09:27:30 TRACE AccountRepositoryJDBC:20 - Entering find account by account number with parametrs: 570126108
2019-06-26 09:27:31 TRACE AccountRepositoryJDBC:20 - Entering find account by account number with parametrs: 570126108
2019-06-26 09:27:31 TRACE AccountRepositoryJDBC:58 - Entering update balance method with parameters: 570126108,80
2019-06-26 09:27:32 TRACE AccountRepositoryJDBC:20 - Entering find account by account number with parametrs: 570126108
2019-06-26 09:31:45 TRACE AccountRepositoryJDBC:20 - Entering find account by account number with parametrs: 570126108
2019-06-26 09:31:46 TRACE AccountRepositoryJDBC:20 - Entering find account by account number with parametrs: 570126108
2019-06-26 09:31:46 TRACE AccountRepositoryJDBC:58 - Entering update balance method with parameters: 570126108,80
2019-06-26 09:31:47 TRACE AccountRepositoryJDBC:20 - Entering find account by account number with parametrs: 570126108
2019-06-26 09:32:43 TRACE AccountRepositoryJDBC:20 - Entering find account by account number with parametrs: 570126108
2019-06-26 09:32:45 TRACE AccountRepositoryJDBC:20 - Entering find account by account number with parametrs: 570126108
2019-06-26 09:32:45 TRACE AccountRepositoryJDBC:58 - Entering update balance method with parameters: 570126108,80
2019-06-26 09:32:45 TRACE AccountRepositoryJDBC:20 - Entering find account by account number with parametrs: 570126108
2019-06-26 09:33:14 TRACE AccountRepositoryJDBC:20 - Entering find account by account number with parametrs: 570126108
2019-06-26 09:33:15 TRACE AccountRepositoryJDBC:20 - Entering find account by account number with parametrs: 570126108
2019-06-26 09:33:15 TRACE AccountRepositoryJDBC:58 - Entering update balance method with parameters: 570126108,80
2019-06-26 09:33:16 TRACE AccountRepositoryJDBC:20 - Entering find account by account number with parametrs: 570126108
2019-06-26 09:36:27 TRACE AccountRepositoryJDBC:20 - Entering find account by account number with parametrs: 570126108
2019-06-26 09:36:28 TRACE AccountRepositoryJDBC:20 - Entering find account by account number with parametrs: 570126108
2019-06-26 09:36:28 TRACE AccountRepositoryJDBC:58 - Entering update balance method with parameters: 570126108,80
2019-06-26 09:37:49 TRACE AccountRepositoryJDBC:20 - Entering find account by account number with parametrs: 570126108
2019-06-26 09:37:50 TRACE AccountRepositoryJDBC:20 - Entering find account by account number with parametrs: 570126108
2019-06-26 09:37:50 TRACE AccountRepositoryJDBC:58 - Entering update balance method with parameters: 570126108,80
2019-06-26 09:38:33 TRACE AccountRepositoryJDBC:20 - Entering find account by account number with parametrs: 570126108
2019-06-26 09:38:34 TRACE AccountRepositoryJDBC:20 - Entering find account by account number with parametrs: 570126108
2019-06-26 09:38:35 TRACE AccountRepositoryJDBC:58 - Entering update balance method with parameters: 570126108,80
2019-06-26 09:40:13 TRACE AccountRepositoryJDBC:20 - Entering find account by account number with parametrs: 570126108
2019-06-26 09:40:14 TRACE AccountRepositoryJDBC:20 - Entering find account by account number with parametrs: 570126108
2019-06-26 09:40:14 TRACE AccountRepositoryJDBC:58 - Entering update balance method with parameters: 570126108,80
2019-06-26 09:42:42 TRACE AccountRepositoryJDBC:20 - Entering find account by account number with parametrs: 570126108
2019-06-26 09:42:43 TRACE AccountRepositoryJDBC:20 - Entering find account by account number with parametrs: 570126108
2019-06-26 09:42:44 TRACE AccountRepositoryJDBC:58 - Entering update balance method with parameters: 570126108,80
2019-06-26 09:51:27 TRACE AccountRepositoryJDBC:20 - Entering find account by account number with parametrs: 570126108
2019-06-26 09:51:28 TRACE AccountRepositoryJDBC:20 - Entering find account by account number with parametrs: 570126108
2019-06-26 09:51:28 TRACE AccountRepositoryJDBC:20 - Entering find account by account number with parametrs: 570126108
2019-06-26 09:51:29 TRACE AccountRepositoryJDBC:58 - Entering update balance method with parameters: 570126108,80
2019-06-26 09:51:29 TRACE AccountRepositoryJDBC:20 - Entering find account by account number with parametrs: 570126108
2019-06-26 09:58:43 TRACE AccountRepositoryJDBC:20 - Entering find account by account number with parametrs: 570126108
2019-06-26 09:58:44 TRACE AccountRepositoryJDBC:20 - Entering find account by account number with parametrs: 570126108
2019-06-26 09:58:44 TRACE AccountRepositoryJDBC:20 - Entering find account by account number with parametrs: 570126108
2019-06-26 09:58:44 TRACE AccountRepositoryJDBC:58 - Entering update balance method with parameters: 570126108,80
2019-06-26 09:58:44 TRACE AccountRepositoryJDBC:20 - Entering find account by account number with parametrs: 570126108
2019-06-26 09:58:45 TRACE AccountRepositoryJDBC:20 - Entering find account by account number with parametrs: 570126108
2019-06-26 10:09:56 TRACE AccountRepositoryJDBC:20 - Entering find account by account number with parametrs: 570126108
2019-06-26 10:09:57 TRACE AccountRepositoryJDBC:20 - Entering find account by account number with parametrs: 570126108
2019-06-26 10:09:58 TRACE AccountRepositoryJDBC:20 - Entering find account by account number with parametrs: 570126108
2019-06-26 10:09:58 TRACE AccountRepositoryJDBC:58 - Entering update balance method with parameters: 570126108,80
2019-06-26 10:09:58 TRACE AccountRepositoryJDBC:20 - Entering find account by account number with parametrs: 570126108
2019-06-26 10:47:40 TRACE AccountRepositoryJDBC:20 - Entering find account by account number with parametrs: 570126108
2019-06-26 10:47:41 TRACE AccountRepositoryJDBC:20 - Entering find account by account number with parametrs: 570126108
2019-06-26 10:47:42 TRACE AccountRepositoryJDBC:20 - Entering find account by account number with parametrs: 570126108
2019-06-26 10:47:42 TRACE AccountRepositoryJDBC:58 - Entering update balance method with parameters: 570126108,80
2019-06-26 10:47:42 TRACE AccountRepositoryJDBC:20 - Entering find account by account number with parametrs: 570126108
2019-06-26 10:47:43 TRACE AccountRepositoryJDBC:20 - Entering find account by account number with parametrs: 570126108
2019-06-26 10:48:28 TRACE AccountRepositoryJDBC:20 - Entering find account by account number with parametrs: 570126108
2019-06-26 10:48:29 TRACE AccountRepositoryJDBC:20 - Entering find account by account number with parametrs: 570126108
2019-06-26 10:48:30 TRACE AccountRepositoryJDBC:20 - Entering find account by account number with parametrs: 570126108
2019-06-26 10:48:30 TRACE AccountRepositoryJDBC:58 - Entering update balance method with parameters: 570126108,80
2019-06-26 10:48:30 TRACE AccountRepositoryJDBC:20 - Entering find account by account number with parametrs: 570126108
2019-06-26 10:48:30 TRACE AccountRepositoryJDBC:20 - Entering find account by account number with parametrs: 570126108
2019-06-26 10:49:15 TRACE AccountRepositoryJDBC:20 - Entering find account by account number with parametrs: 570126108
2019-06-26 10:49:16 TRACE AccountRepositoryJDBC:20 - Entering find account by account number with parametrs: 570126108
2019-06-26 10:49:16 TRACE AccountRepositoryJDBC:20 - Entering find account by account number with parametrs: 570126108
2019-06-26 10:49:17 TRACE AccountRepositoryJDBC:58 - Entering update balance method with parameters: 570126108,80
2019-06-26 10:49:17 TRACE AccountRepositoryJDBC:20 - Entering find account by account number with parametrs: 570126108
2019-06-26 10:49:18 TRACE AccountRepositoryJDBC:20 - Entering find account by account number with parametrs: 570126108
2019-06-26 10:50:28 TRACE AccountRepositoryJDBC:20 - Entering find account by account number with parametrs: 570126108
2019-06-26 10:50:29 TRACE AccountRepositoryJDBC:20 - Entering find account by account number with parametrs: 570126108
2019-06-26 10:50:30 TRACE AccountRepositoryJDBC:20 - Entering find account by account number with parametrs: 570126108
2019-06-26 10:50:30 TRACE AccountRepositoryJDBC:58 - Entering update balance method with parameters: 570126108,80
2019-06-26 10:50:30 TRACE AccountRepositoryJDBC:20 - Entering find account by account number with parametrs: 570126108
2019-06-26 10:50:31 TRACE AccountRepositoryJDBC:20 - Entering find account by account number with parametrs: 570126108
2019-06-26 10:50:50 TRACE AccountRepositoryJDBC:20 - Entering find account by account number with parametrs: 570126108
2019-06-26 10:50:51 TRACE AccountRepositoryJDBC:20 - Entering find account by account number with parametrs: 570126108
2019-06-26 10:50:52 TRACE AccountRepositoryJDBC:20 - Entering find account by account number with parametrs: 570126108
2019-06-26 10:50:52 TRACE AccountRepositoryJDBC:58 - Entering update balance method with parameters: 570126108,80
2019-06-26 10:50:52 TRACE AccountRepositoryJDBC:20 - Entering find account by account number with parametrs: 570126108
2019-06-26 10:51:57 TRACE AccountRepositoryJDBC:20 - Entering find account by account number with parametrs: 570126108
2019-06-26 10:51:59 TRACE AccountRepositoryJDBC:20 - Entering find account by account number with parametrs: 570126108
2019-06-26 10:51:59 TRACE AccountRepositoryJDBC:20 - Entering find account by account number with parametrs: 570126108
2019-06-26 10:51:59 TRACE AccountRepositoryJDBC:58 - Entering update balance method with parameters: 570126108,80
2019-06-26 10:51:59 TRACE AccountRepositoryJDBC:20 - Entering find account by account number with parametrs: 570126108
2019-06-26 10:52:00 TRACE AccountRepositoryJDBC:20 - Entering find account by account number with parametrs: 570126108
2019-06-26 10:52:34 TRACE AccountRepositoryJDBC:20 - Entering find account by account number with parametrs: 570126108
2019-06-26 10:52:36 TRACE AccountRepositoryJDBC:20 - Entering find account by account number with parametrs: 570126108
2019-06-26 10:52:36 TRACE AccountRepositoryJDBC:20 - Entering find account by account number with parametrs: 570126108
2019-06-26 10:52:36 TRACE AccountRepositoryJDBC:58 - Entering update balance method with parameters: 570126108,80
2019-06-26 10:52:37 TRACE AccountRepositoryJDBC:20 - Entering find account by account number with parametrs: 570126108
2019-06-26 10:52:37 TRACE AccountRepositoryJDBC:20 - Entering find account by account number with parametrs: 570126108
2019-06-26 10:52:55 TRACE AccountRepositoryJDBC:20 - Entering find account by account number with parametrs: 570126108
2019-06-26 10:52:56 TRACE AccountRepositoryJDBC:20 - Entering find account by account number with parametrs: 570126108
2019-06-26 10:52:56 TRACE AccountRepositoryJDBC:20 - Entering find account by account number with parametrs: 570126108
2019-06-26 10:52:57 TRACE AccountRepositoryJDBC:20 - Entering find account by account number with parametrs: 570126108
2019-06-26 10:52:57 TRACE AccountRepositoryJDBC:58 - Entering update balance method with parameters: 570126108,80
2019-06-26 10:52:57 TRACE AccountRepositoryJDBC:20 - Entering find account by account number with parametrs: 570126108
2019-06-26 10:52:57 TRACE AccountRepositoryJDBC:20 - Entering find account by account number with parametrs: 570126108
2019-06-26 10:52:57 TRACE AccountRepositoryJDBC:20 - Entering find account by account number with parametrs: 570126108
2019-06-26 10:52:57 TRACE AccountRepositoryJDBC:58 - Entering update balance method with parameters: 570126108,80
2019-06-26 10:52:58 TRACE AccountRepositoryJDBC:20 - Entering find account by account number with parametrs: 570126108
2019-06-26 10:53:38 TRACE AccountRepositoryJDBC:20 - Entering find account by account number with parametrs: 570126108
2019-06-26 10:53:40 TRACE AccountRepositoryJDBC:20 - Entering find account by account number with parametrs: 570126108
2019-06-26 10:53:40 TRACE AccountRepositoryJDBC:20 - Entering find account by account number with parametrs: 570126108
2019-06-26 10:53:41 TRACE AccountRepositoryJDBC:58 - Entering update balance method with parameters: 570126108,80
2019-06-26 10:53:41 TRACE AccountRepositoryJDBC:20 - Entering find account by account number with parametrs: 570126108
2019-06-26 10:53:42 TRACE AccountRepositoryJDBC:20 - Entering find account by account number with parametrs: 570126108
2019-06-26 10:54:09 TRACE AccountRepositoryJDBC:20 - Entering find account by account number with parametrs: 570126108
2019-06-26 10:54:10 TRACE AccountRepositoryJDBC:20 - Entering find account by account number with parametrs: 570126108
2019-06-26 10:54:10 TRACE AccountRepositoryJDBC:20 - Entering find account by account number with parametrs: 570126108
2019-06-26 10:54:11 TRACE AccountRepositoryJDBC:58 - Entering update balance method with parameters: 570126108,80
2019-06-26 10:54:11 TRACE AccountRepositoryJDBC:20 - Entering find account by account number with parametrs: 570126108
2019-06-26 10:55:31 TRACE AccountRepositoryJDBC:20 - Entering find account by account number with parametrs: 570126108
2019-06-26 10:55:32 TRACE AccountRepositoryJDBC:20 - Entering find account by account number with parametrs: 570126108
2019-06-26 10:55:32 TRACE AccountRepositoryJDBC:20 - Entering find account by account number with parametrs: 570126108
2019-06-26 10:55:33 TRACE AccountRepositoryJDBC:58 - Entering update balance method with parameters: 570126108,80
2019-06-26 10:55:33 TRACE AccountRepositoryJDBC:20 - Entering find account by account number with parametrs: 570126108
2019-06-26 10:55:33 TRACE AccountRepositoryJDBC:20 - Entering find account by account number with parametrs: 570126108
2019-06-26 10:55:40 TRACE AccountRepositoryJDBC:20 - Entering find account by account number with parametrs: 570126108
2019-06-26 10:55:41 TRACE AccountRepositoryJDBC:20 - Entering find account by account number with parametrs: 570126108
2019-06-26 10:55:41 TRACE AccountRepositoryJDBC:20 - Entering find account by account number with parametrs: 570126108
2019-06-26 10:55:42 TRACE AccountRepositoryJDBC:58 - Entering update balance method with parameters: 570126108,80
2019-06-26 10:55:42 TRACE AccountRepositoryJDBC:20 - Entering find account by account number with parametrs: 570126108
2019-06-26 10:56:42 TRACE AccountRepositoryJDBC:20 - Entering find account by account number with parametrs: 570126108
2019-06-26 10:56:43 TRACE AccountRepositoryJDBC:20 - Entering find account by account number with parametrs: 570126108
2019-06-26 10:56:44 TRACE AccountRepositoryJDBC:20 - Entering find account by account number with parametrs: 570126108
2019-06-26 10:56:44 TRACE AccountRepositoryJDBC:58 - Entering update balance method with parameters: 570126108,80
2019-06-26 10:56:44 TRACE AccountRepositoryJDBC:20 - Entering find account by account number with parametrs: 570126108
2019-06-26 10:56:44 TRACE AccountRepositoryJDBC:20 - Entering find account by account number with parametrs: 570126108
2019-06-26 10:56:56 TRACE AccountRepositoryJDBC:20 - Entering find account by account number with parametrs: 570126108
2019-06-26 10:56:57 TRACE AccountRepositoryJDBC:20 - Entering find account by account number with parametrs: 570126108
2019-06-26 10:56:58 TRACE AccountRepositoryJDBC:20 - Entering find account by account number with parametrs: 570126108
2019-06-26 10:56:58 TRACE AccountRepositoryJDBC:58 - Entering update balance method with parameters: 570126108,80
2019-06-26 10:56:58 TRACE AccountRepositoryJDBC:20 - Entering find account by account number with parametrs: 570126108
2019-06-26 10:57:20 TRACE AccountRepositoryJDBC:20 - Entering find account by account number with parametrs: 570126108
2019-06-26 10:57:22 TRACE AccountRepositoryJDBC:20 - Entering find account by account number with parametrs: 570126108
2019-06-26 10:57:22 TRACE AccountRepositoryJDBC:20 - Entering find account by account number with parametrs: 570126108
2019-06-26 10:57:22 TRACE AccountRepositoryJDBC:58 - Entering update balance method with parameters: 570126108,80
2019-06-26 10:57:22 TRACE AccountRepositoryJDBC:20 - Entering find account by account number with parametrs: 570126108
2019-06-26 10:58:31 TRACE AccountRepositoryJDBC:20 - Entering find account by account number with parametrs: 570126108
2019-06-26 10:58:42 TRACE AccountRepositoryJDBC:20 - Entering find account by account number with parametrs: 570126108
2019-06-26 10:58:43 TRACE AccountRepositoryJDBC:20 - Entering find account by account number with parametrs: 570126108
2019-06-26 10:58:43 TRACE AccountRepositoryJDBC:20 - Entering find account by account number with parametrs: 570126108
2019-06-26 10:58:44 TRACE AccountRepositoryJDBC:58 - Entering update balance method with parameters: 570126108,80
2019-06-26 10:58:44 TRACE AccountRepositoryJDBC:20 - Entering find account by account number with parametrs: 570126108
2019-06-26 10:58:44 TRACE AccountRepositoryJDBC:20 - Entering find account by account number with parametrs: 570126108
2019-06-26 10:58:49 TRACE AccountRepositoryJDBC:20 - Entering find account by account number with parametrs: 570126108
2019-06-26 10:58:50 TRACE AccountRepositoryJDBC:20 - Entering find account by account number with parametrs: 570126108
2019-06-26 10:58:50 TRACE AccountRepositoryJDBC:58 - Entering update balance method with parameters: 570126108,80
2019-06-26 10:58:50 TRACE AccountRepositoryJDBC:20 - Entering find account by account number with parametrs: 570126108
2019-06-26 10:58:51 TRACE AccountRepositoryJDBC:20 - Entering find account by account number with parametrs: 570126108
2019-06-26 10:59:07 TRACE AccountRepositoryJDBC:20 - Entering find account by account number with parametrs: 570126108
2019-06-26 10:59:08 TRACE AccountRepositoryJDBC:20 - Entering find account by account number with parametrs: 570126108
2019-06-26 10:59:08 TRACE AccountRepositoryJDBC:58 - Entering update balance method with parameters: 570126108,80
2019-06-26 10:59:08 TRACE AccountRepositoryJDBC:20 - Entering find account by account number with parametrs: 570126108
2019-06-26 10:59:09 TRACE AccountRepositoryJDBC:20 - Entering find account by account number with parametrs: 570126108
2019-06-26 10:59:13 TRACE AccountRepositoryJDBC:20 - Entering find account by account number with parametrs: 570126108
2019-06-26 10:59:14 TRACE AccountRepositoryJDBC:20 - Entering find account by account number with parametrs: 570126108
2019-06-26 10:59:14 TRACE AccountRepositoryJDBC:58 - Entering update balance method with parameters: 570126108,80
2019-06-26 10:59:14 TRACE AccountRepositoryJDBC:20 - Entering find account by account number with parametrs: 570126108
2019-06-26 10:59:15 TRACE AccountRepositoryJDBC:20 - Entering find account by account number with parametrs: 570126108
2019-06-26 12:29:37 TRACE AccountRepositoryJDBC:20 - Entering find account by account number with parametrs: 570126108
2019-06-26 12:29:38 TRACE AccountRepositoryJDBC:20 - Entering find account by account number with parametrs: 570126108
2019-06-26 12:29:38 TRACE AccountRepositoryJDBC:58 - Entering update balance method with parameters: 570126108,80
2019-06-26 12:29:38 TRACE AccountRepositoryJDBC:20 - Entering find account by account number with parametrs: 570126108
2019-06-26 12:29:56 TRACE AccountRepositoryJDBC:20 - Entering find account by account number with parametrs: 570126108
2019-06-26 12:29:57 TRACE AccountRepositoryJDBC:20 - Entering find account by account number with parametrs: 570126108
2019-06-26 12:29:57 TRACE AccountRepositoryJDBC:58 - Entering update balance method with parameters: 570126108,80
2019-06-26 12:29:58 TRACE AccountRepositoryJDBC:20 - Entering find account by account number with parametrs: 570126108
2019-06-26 12:30:36 TRACE AccountRepositoryJDBC:20 - Entering find account by account number with parametrs: 570126108
2019-06-26 12:30:38 TRACE AccountRepositoryJDBC:20 - Entering find account by account number with parametrs: 570126108
2019-06-26 12:30:38 TRACE AccountRepositoryJDBC:20 - Entering find account by account number with parametrs: 570126108
2019-06-26 12:30:39 TRACE AccountRepositoryJDBC:20 - Entering find account by account number with parametrs: 570126108
2019-06-26 12:30:41 TRACE AccountRepositoryJDBC:20 - Entering find account by account number with parametrs: 570126108
2019-06-26 12:30:42 TRACE AccountRepositoryJDBC:58 - Entering update balance method with parameters: 570126108,80
2019-06-26 12:30:43 TRACE AccountRepositoryJDBC:20 - Entering find account by account number with parametrs: 570126108
2019-06-26 12:32:21 TRACE AccountRepositoryJDBC:20 - Entering find account by account number with parametrs: 570126108
2019-06-26 12:32:22 TRACE AccountRepositoryJDBC:20 - Entering find account by account number with parametrs: 570126108
2019-06-26 12:32:22 TRACE AccountRepositoryJDBC:20 - Entering find account by account number with parametrs: 570126108
2019-06-26 12:32:22 TRACE AccountRepositoryJDBC:20 - Entering find account by account number with parametrs: 570126108
2019-06-26 12:32:22 TRACE AccountRepositoryJDBC:20 - Entering find account by account number with parametrs: 570126108
2019-06-26 12:32:23 TRACE AccountRepositoryJDBC:58 - Entering update balance method with parameters: 570126108,80
2019-06-26 12:32:23 TRACE AccountRepositoryJDBC:20 - Entering find account by account number with parametrs: 570126108
2019-06-26 12:48:22 TRACE AccountRepositoryJDBC:23 - Entering find account by account number with parametrs: 570126108
2019-06-26 12:48:23 TRACE AccountRepositoryJDBC:23 - Entering find account by account number with parametrs: 570126108
2019-06-26 12:48:24 TRACE AccountRepositoryJDBC:23 - Entering find account by account number with parametrs: 570126108
2019-06-26 12:48:25 TRACE AccountRepositoryJDBC:23 - Entering find account by account number with parametrs: 570126108
2019-06-26 12:48:27 TRACE AccountRepositoryJDBC:23 - Entering find account by account number with parametrs: 570126108
2019-06-26 12:48:28 TRACE AccountRepositoryJDBC:61 - Entering update balance method with parameters: 570126108,80
2019-06-26 12:48:29 TRACE AccountRepositoryJDBC:23 - Entering find account by account number with parametrs: 570126108
2019-06-26 12:49:43 TRACE AccountRepositoryJDBC:23 - Entering find account by account number with parametrs: 570126108
2019-06-26 12:50:13 TRACE AccountRepositoryJDBC:23 - Entering find account by account number with parametrs: 570126108
2019-06-26 12:50:19 TRACE AccountRepositoryJDBC:23 - Entering find account by account number with parametrs: 570126108
2019-06-26 12:50:58 TRACE AccountRepositoryJDBC:61 - Entering update balance method with parameters: 570126108,231
2019-06-26 12:51:05 TRACE AccountRepositoryJDBC:23 - Entering find account by account number with parametrs: 570126108
2019-06-26 12:52:02 TRACE AccountRepositoryJDBC:61 - Entering update balance method with parameters: 570126108,7000
2019-06-26 12:52:35 TRACE AccountRepositoryJDBC:23 - Entering find account by account number with parametrs: 570126108
2019-06-26 12:53:04 TRACE AccountRepositoryJDBC:85 - Entering update balance method with parameters: 570126108,430
2019-06-26 12:53:08 TRACE AccountRepositoryJDBC:23 - Entering find account by account number with parametrs: 570126108
2019-06-26 12:53:26 TRACE AccountRepositoryJDBC:85 - Entering update balance method with parameters: 570126108,1000
2019-06-26 12:53:31 TRACE AccountRepositoryJDBC:23 - Entering find account by account number with parametrs: 570126108
2019-06-26 12:54:23 TRACE AccountRepositoryJDBC:85 - Entering update balance method with parameters: 570126108,0
2019-06-26 12:54:55 TRACE AccountRepositoryJDBC:23 - Entering find account by account number with parametrs: 570126108
2019-06-26 12:55:12 TRACE AccountRepositoryJDBC:61 - Entering update balance method with parameters: 570126108,10
2019-06-26 12:55:14 TRACE AccountRepositoryJDBC:23 - Entering find account by account number with parametrs: 570126108
2019-06-26 12:55:24 TRACE AccountRepositoryJDBC:61 - Entering update balance method with parameters: 570126108,1000
2019-06-26 14:06:13 TRACE AccountRepositoryJDBC:23 - Entering find account by account number with parametrs: 568779487
2019-06-26 14:06:20 TRACE AccountRepositoryJDBC:23 - Entering find account by account number with parametrs: 568779487
2019-06-26 14:07:52 TRACE AccountRepositoryJDBC:23 - Entering find account by account number with parametrs: 570126108
2019-06-26 14:07:53 TRACE AccountRepositoryJDBC:23 - Entering find account by account number with parametrs: 570126108
2019-06-26 14:07:54 TRACE AccountRepositoryJDBC:23 - Entering find account by account number with parametrs: 570126108
2019-06-26 14:07:55 TRACE AccountRepositoryJDBC:23 - Entering find account by account number with parametrs: 570126108
2019-06-26 14:07:56 TRACE AccountRepositoryJDBC:23 - Entering find account by account number with parametrs: 570126108
2019-06-26 14:07:56 TRACE AccountRepositoryJDBC:61 - Entering update balance method with parameters: 570126108,80
2019-06-26 14:07:56 TRACE AccountRepositoryJDBC:23 - Entering find account by account number with parametrs: 570126108
2019-06-26 14:08:12 TRACE AccountRepositoryJDBC:23 - Entering find account by account number with parametrs: 570126108
2019-06-26 14:08:13 TRACE AccountRepositoryJDBC:23 - Entering find account by account number with parametrs: 570126108
2019-06-26 14:08:14 TRACE AccountRepositoryJDBC:23 - Entering find account by account number with parametrs: 570126108
2019-06-26 14:08:14 TRACE AccountRepositoryJDBC:23 - Entering find account by account number with parametrs: 570126108
2019-06-26 14:08:14 TRACE AccountRepositoryJDBC:23 - Entering find account by account number with parametrs: 570126108
2019-06-26 14:08:14 TRACE AccountRepositoryJDBC:61 - Entering update balance method with parameters: 570126108,80
2019-06-26 14:08:15 TRACE AccountRepositoryJDBC:23 - Entering find account by account number with parametrs: 570126108
2019-06-26 14:08:36 TRACE AccountRepositoryJDBC:23 - Entering find account by account number with parametrs: 570126108
2019-06-26 14:08:37 TRACE AccountRepositoryJDBC:23 - Entering find account by account number with parametrs: 570126108
2019-06-26 14:08:37 TRACE AccountRepositoryJDBC:23 - Entering find account by account number with parametrs: 570126108
2019-06-26 14:08:38 TRACE AccountRepositoryJDBC:23 - Entering find account by account number with parametrs: 570126108
2019-06-26 14:08:38 TRACE AccountRepositoryJDBC:23 - Entering find account by account number with parametrs: 570126108
2019-06-26 14:08:38 TRACE AccountRepositoryJDBC:61 - Entering update balance method with parameters: 570126108,80
2019-06-26 14:08:39 TRACE AccountRepositoryJDBC:23 - Entering find account by account number with parametrs: 570126108
2019-06-26 14:08:46 TRACE AccountRepositoryJDBC:23 - Entering find account by account number with parametrs: 570126108
2019-06-26 14:08:46 TRACE AccountRepositoryJDBC:23 - Entering find account by account number with parametrs: 570126108
2019-06-26 14:08:47 TRACE AccountRepositoryJDBC:23 - Entering find account by account number with parametrs: 570126108
2019-06-26 14:08:47 TRACE AccountRepositoryJDBC:23 - Entering find account by account number with parametrs: 570126108
2019-06-26 14:08:47 TRACE AccountRepositoryJDBC:23 - Entering find account by account number with parametrs: 570126108
2019-06-26 14:08:48 TRACE AccountRepositoryJDBC:61 - Entering update balance method with parameters: 570126108,80
2019-06-26 14:08:48 TRACE AccountRepositoryJDBC:23 - Entering find account by account number with parametrs: 570126108
2019-06-26 14:26:44 TRACE AccountRepositoryJDBC:23 - Entering find account by account number with parametrs: 123456789
2019-06-26 14:27:05 TRACE AccountRepositoryJDBC:23 - Entering find account by account number with parametrs: 570126108
2019-06-26 14:27:41 TRACE AccountRepositoryJDBC:23 - Entering find account by account number with parametrs: 570126108
2019-06-26 14:28:11 TRACE AccountRepositoryJDBC:85 - Entering update balance method with parameters: 570126108,90
2019-06-26 14:28:19 TRACE AccountRepositoryJDBC:23 - Entering find account by account number with parametrs: 570126108
2019-06-26 14:28:52 TRACE AccountRepositoryJDBC:85 - Entering update balance method with parameters: 570126108,300
2019-06-26 14:28:55 TRACE AccountRepositoryJDBC:23 - Entering find account by account number with parametrs: 570126108
2019-06-26 14:29:36 TRACE AccountRepositoryJDBC:85 - Entering update balance method with parameters: 570126108,0
2019-06-26 14:29:54 TRACE AccountRepositoryJDBC:61 - Entering update balance method with parameters: 570126108,200000
2019-06-26 14:29:57 TRACE AccountRepositoryJDBC:23 - Entering find account by account number with parametrs: 570126108
2019-06-26 14:30:28 TRACE AccountRepositoryJDBC:23 - Entering find account by account number with parametrs: 570126108
2019-06-26 14:31:05 TRACE AccountRepositoryJDBC:23 - Entering find account by account number with parametrs: 570126108
2019-06-26 14:32:04 TRACE AccountRepositoryJDBC:23 - Entering find account by account number with parametrs: 570126108
2019-06-26 14:32:05 TRACE AccountRepositoryJDBC:23 - Entering find account by account number with parametrs: 570126108
2019-06-26 14:32:05 TRACE AccountRepositoryJDBC:23 - Entering find account by account number with parametrs: 570126108
2019-06-26 14:32:06 TRACE AccountRepositoryJDBC:23 - Entering find account by account number with parametrs: 570126108
2019-06-26 14:32:06 TRACE AccountRepositoryJDBC:23 - Entering find account by account number with parametrs: 570126108
2019-06-26 14:32:06 TRACE AccountRepositoryJDBC:61 - Entering update balance method with parameters: 570126108,80
2019-06-26 14:32:07 TRACE AccountRepositoryJDBC:23 - Entering find account by account number with parametrs: 570126108
